<?xml version="1.0" encoding="UTF-8"?>
<!-- Generated by org.testng.reporters.JUnitReportReporter -->
<testsuite hostname="Harshuls-MacBook-Pro.local" failures="0" tests="3" name="BasicSection7onwards.DynamicJsonDelete" time="5.017" errors="0" timestamp="2021-01-17T22:39:28 EST" skipped="0">
  <testcase classname="BasicSection7onwards.DynamicJsonDelete" name="addbook" time="0.607"/>
  <system-out/>
  <testcase classname="BasicSection7onwards.DynamicJsonDelete" name="addbook" time="0.644"/>
  <system-out/>
  <testcase classname="BasicSection7onwards.DynamicJsonDelete" name="addbook" time="3.766"/>
  <system-out/>
</testsuite> <!-- BasicSection7onwards.DynamicJsonDelete -->
