<?xml version="1.0" encoding="UTF-8"?>
<!-- Generated by org.testng.reporters.JUnitReportReporter -->
<testsuite hostname="Harshuls-MacBook-Pro.local" failures="0" tests="1" name="Basics.SumValidations" time="1.883" errors="0" timestamp="2021-01-16T00:31:50 EST" skipped="0">
  <testcase classname="Basics.SumValidations" name="validate" time="1.883"/>
  <system-out/>
</testsuite> <!-- Basics.SumValidations -->
