<?xml version="1.0" encoding="UTF-8"?>
<!-- Generated by org.testng.reporters.JUnitReportReporter -->
<testsuite hostname="Harshuls-MacBook-Pro.local" failures="0" tests="3" name="BasicSection7onwards.DynamicJson" time="5.541" errors="0" timestamp="2021-01-17T22:38:12 EST" skipped="0">
  <testcase classname="BasicSection7onwards.DynamicJson" name="addbook" time="0.774"/>
  <system-out/>
  <testcase classname="BasicSection7onwards.DynamicJson" name="addbook" time="0.726"/>
  <system-out/>
  <testcase classname="BasicSection7onwards.DynamicJson" name="addbook" time="4.041"/>
  <system-out/>
</testsuite> <!-- BasicSection7onwards.DynamicJson -->
